Determining if the pthread_create exist failed with the following output:
Change Dir: /home/schulze/hyq_workspace/src/hyq-description/gazebo_plugins/build/CMakeFiles/CMakeTmp

Run Build Command:"/usr/bin/make" "cmTC_c401c/fast"
/usr/bin/make -f CMakeFiles/cmTC_c401c.dir/build.make CMakeFiles/cmTC_c401c.dir/build
make[1]: Entering directory '/home/schulze/hyq_workspace/src/hyq-description/gazebo_plugins/build/CMakeFiles/CMakeTmp'
Building C object CMakeFiles/cmTC_c401c.dir/CheckSymbolExists.c.o
/usr/bin/cc     -o CMakeFiles/cmTC_c401c.dir/CheckSymbolExists.c.o   -c /home/schulze/hyq_workspace/src/hyq-description/gazebo_plugins/build/CMakeFiles/CMakeTmp/CheckSymbolExists.c
Linking C executable cmTC_c401c
/usr/bin/cmake -E cmake_link_script CMakeFiles/cmTC_c401c.dir/link.txt --verbose=1
/usr/bin/cc       CMakeFiles/cmTC_c401c.dir/CheckSymbolExists.c.o  -o cmTC_c401c -rdynamic 
CMakeFiles/cmTC_c401c.dir/CheckSymbolExists.c.o: In function `main':
CheckSymbolExists.c:(.text+0x16): undefined reference to `pthread_create'
collect2: error: ld returned 1 exit status
CMakeFiles/cmTC_c401c.dir/build.make:97: recipe for target 'cmTC_c401c' failed
make[1]: *** [cmTC_c401c] Error 1
make[1]: Leaving directory '/home/schulze/hyq_workspace/src/hyq-description/gazebo_plugins/build/CMakeFiles/CMakeTmp'
Makefile:126: recipe for target 'cmTC_c401c/fast' failed
make: *** [cmTC_c401c/fast] Error 2

File /home/schulze/hyq_workspace/src/hyq-description/gazebo_plugins/build/CMakeFiles/CMakeTmp/CheckSymbolExists.c:
/* */
#include <pthread.h>

int main(int argc, char** argv)
{
  (void)argv;
#ifndef pthread_create
  return ((int*)(&pthread_create))[argc];
#else
  (void)argc;
  return 0;
#endif
}

Determining if the function pthread_create exists in the pthreads failed with the following output:
Change Dir: /home/schulze/hyq_workspace/src/hyq-description/gazebo_plugins/build/CMakeFiles/CMakeTmp

Run Build Command:"/usr/bin/make" "cmTC_457ec/fast"
/usr/bin/make -f CMakeFiles/cmTC_457ec.dir/build.make CMakeFiles/cmTC_457ec.dir/build
make[1]: Entering directory '/home/schulze/hyq_workspace/src/hyq-description/gazebo_plugins/build/CMakeFiles/CMakeTmp'
Building C object CMakeFiles/cmTC_457ec.dir/CheckFunctionExists.c.o
/usr/bin/cc    -DCHECK_FUNCTION_EXISTS=pthread_create   -o CMakeFiles/cmTC_457ec.dir/CheckFunctionExists.c.o   -c /usr/share/cmake-3.5/Modules/CheckFunctionExists.c
Linking C executable cmTC_457ec
/usr/bin/cmake -E cmake_link_script CMakeFiles/cmTC_457ec.dir/link.txt --verbose=1
/usr/bin/cc   -DCHECK_FUNCTION_EXISTS=pthread_create    CMakeFiles/cmTC_457ec.dir/CheckFunctionExists.c.o  -o cmTC_457ec -rdynamic -lpthreads 
/usr/bin/ld: cannot find -lpthreads
collect2: error: ld returned 1 exit status
CMakeFiles/cmTC_457ec.dir/build.make:97: recipe for target 'cmTC_457ec' failed
make[1]: *** [cmTC_457ec] Error 1
make[1]: Leaving directory '/home/schulze/hyq_workspace/src/hyq-description/gazebo_plugins/build/CMakeFiles/CMakeTmp'
Makefile:126: recipe for target 'cmTC_457ec/fast' failed
make: *** [cmTC_457ec/fast] Error 2


